Arguments: 
  /usr/local/bin/node /usr/local/Cellar/yarn/1.22.5/libexec/bin/yarn.js install

PATH: 
  /usr/local/opt/python/libexec/bin:/usr/local/bin:/Users/Tero/Library/Python/3.4/bin:/Users/Tero/Library/Android/sdk//tools:/Users/Tero/Library/Android/sdk//platform-tools:/Library/Java/JavaVirtualMachines/jdk1.8.0_131.jdk/Contents/Home/bin:/usr/local/bin:/usr/bin:/bin:/usr/sbin:/sbin:/opt/X11/bin:/Applications/Wireshark.app/Contents/MacOS

Yarn version: 
  1.22.5

Node version: 
  12.18.3

Platform: 
  darwin x64

Trace: 
  SyntaxError: /Users/Tero/react-projects/local-development/prifina-development/widgets/packages/game/package.json: Unexpected token } in JSON at position 2192
      at JSON.parse (<anonymous>)
      at /usr/local/Cellar/yarn/1.22.5/libexec/lib/cli.js:1625:59
      at Generator.next (<anonymous>)
      at step (/usr/local/Cellar/yarn/1.22.5/libexec/lib/cli.js:310:30)
      at /usr/local/Cellar/yarn/1.22.5/libexec/lib/cli.js:321:13

npm manifest: 
  {
    "name": "@prifina-widgets/game",
    "version": "0.0.0",
    "description": "Prifina Game widget",
    "author": "Tero <tero@prifina.com>",
    "license": "MIT",
    "main": "dist/esm/index.js",
    "publishConfig": {
      "access": "public"
    },
    "files": [
      "dist"
    ],
    "dependencies": {
      "react-chat-ui": "^0.4.0"
    },
    "devDependencies": {
      "@babel/cli": "^7.12.13",
      "@babel/core": "^7.12.13",
      "@babel/plugin-proposal-class-properties": "^7.12.13",
      "@babel/plugin-transform-runtime": "^7.12.15",
      "@babel/preset-env": "^7.12.13",
      "@babel/preset-react": "^7.12.13",
      "@babel/runtime": "^7.12.13",
      "@prifina/hooks": "^0.0.62",
      "@storybook/addon-actions": "^6.1.17",
      "@storybook/addon-docs": "^6.1.17",
      "@storybook/addon-knobs": "^6.1.17",
      "@storybook/addon-links": "^6.1.17",
      "@storybook/addon-viewport": "^6.1.17",
      "@storybook/addons": "^6.1.17",
      "@storybook/react": "^6.1.17",
      "@svgr/webpack": "^5.5.0",
      "babel-loader": "^8.2.2",
      "babel-plugin-styled-components": "^1.12.0",
      "babel-plugin-transform-react-remove-prop-types": "^0.4.24",
      "clean-webpack-plugin": "^3.0.0",
      "core-js": "3",
      "cross-env": "^7.0.3",
      "html-webpack-plugin": "^5.0.0",
      "prop-types": "^15.7.2",
      "react": "^17.0.1",
      "react-dom": "^17.0.1",
      "styled-components": "^5.2.1",
      "styled-system": "^5.1.5",
      "terser-webpack-plugin": "^5.1.1",
      "url-loader": "^4.1.1",
      "webpack": "^5.20.2",
      "webpack-assets-manifest": "^5.0.1",
      "webpack-bundle-analyzer": "^4.4.0",
      "webpack-cli": "^4.5.0",
      "webpack-dev-server": "^3.11.2"
  
    },
    "scripts": {
      "build": "cross-env NODE_ENV=production webpack --mode production --config config/webpack.config.js",
      "build:dev": "cross-env NODE_ENV=development webpack --mode development --config config/webpack.dev-config.js",
      "start": "yarn build:dev && cross-env NODE_ENV=development webpack serve --config ./config/webpack.dev-config.js",
      "storybook": "start-storybook -p 9009 -s public"
    },
    "peerDependencies": {
      "@prifina/hooks": "^0.0.62",
      "react": "^17.0.1",
      "styled-components": "^5.2.1",
      "styled-system": "^5.1.5",
    }
  }

yarn manifest: 
  No manifest

Lockfile: 
  No lockfile
