Arguments: 
  C:\Program Files\nodejs\node.exe C:\Users\Blake\AppData\Roaming\npm\node_modules\yarn\bin\yarn.js storybook

PATH: 
  C:\Users\Blake\Desktop\Cuhacking 2020\mongodb-win32-x86_64-2012plus-4.2.2\bin;C:\Program Files (x86)\Common Files\Oracle\Java\javapath;C:\Program Files\Intel\iCLS Client\;C:\WINDOWS\system32;C:\WINDOWS;C:\WINDOWS\System32\Wbem;C:\WINDOWS\System32\WindowsPowerShell\v1.0\;C:\WINDOWS\System32\OpenSSH\;C:\Program Files (x86)\Intel\Intel(R) Management Engine Components\DAL;C:\Program Files\Intel\Intel(R) Management Engine Components\DAL;C:\Program Files (x86)\Intel\Intel(R) Management Engine Components\IPT;C:\Program Files\Intel\Intel(R) Management Engine Components\IPT;C:\Program Files\nodejs\;C:\ProgramData\Microsoft\Windows\Start Menu\Programs\Node.js;C:\Program Files\Intel\WiFi\bin\;C:\Program Files\Common Files\Intel\WirelessCommon\;C:\Program Files\Git\cmd;C:\Users\Blake\AppData\Local\Programs\Python\Python39\Scripts\;C:\Users\Blake\AppData\Local\Programs\Python\Python39\;C:\Users\Blake\AppData\Local\Microsoft\WindowsApps;C:\Users\Blake\AppData\Roaming\npm;C:\Users\Blake\AppData\Local\Programs\Python\Python39;;C:\Users\Blake\AppData\Local\Programs\Microsoft VS Code\bin

Yarn version: 
  1.22.10

Node version: 
  12.16.1

Platform: 
  win32 x64

Trace: 
  SyntaxError: C:\Users\Blake\Documents\Career\Prifina\widgets\packages\graph\package.json: Unexpected token / in JSON at position 1360
      at JSON.parse (<anonymous>)
      at C:\Users\Blake\AppData\Roaming\npm\node_modules\yarn\lib\cli.js:1625:59
      at Generator.next (<anonymous>)
      at step (C:\Users\Blake\AppData\Roaming\npm\node_modules\yarn\lib\cli.js:310:30)
      at C:\Users\Blake\AppData\Roaming\npm\node_modules\yarn\lib\cli.js:321:13

npm manifest: 
  {
    "name": "@prifina-widgets/graph",
    "version": "0.0.0",
    "description": "Prifina Graph Widget",
    "keywords": [
      "Health"
    ],
    "author": "Blake <blake_db99@outlook.com>",
    "license": "MIT",
    "main": "dist/esm/index.js",
    "files": [
      "dist"
    ],
    "publishConfig": {
      "registry": "https://registry.yarnpkg.com"
    },
    "repository": {
      "type": "git",
      "url": "git+https://github.com/Dez1999/widgets.git"
    },
    "scripts": {
      "build": "cross-env NODE_ENV=production webpack --mode production --config config/webpack.config.js",
      "build:dev": "cross-env NODE_ENV=development webpack --mode development --config config/webpack.dev-config.js",
      "start": "yarn build:dev && cross-env NODE_ENV=development webpack serve --config ./config/webpack.dev-config.js",
      "storybook": "start-storybook -p 9009 -s public"
    },
    "bugs": {
      "url": "https://github.com/Dez1999/widgets/issues"
    },
    "dependencies": {
      "@blend-ui/core": "^1.1.57-alpha.0",
      "@blend-ui/icons": "^1.1.8-alpha.0",
      "@blend-ui/progress": "^1.0.7-alpha.0",
      "@chakra-ui/react": "^1.3.3",
      "@chakra-ui/theme": "^1.7.0",
      "@chakra-ui/theme-tools": "^1.1.0",
      "@emotion/react": "^11.1.5",
      "@emotion/styled": "^11.1.5",
      "@styled-system/prop-types": "^5.1.5",
      "@styled-system/theme-get": "^5.1.2",
      "framer-motion": "^3.10.0",
      //"react-router-dom": "^5.2.0",
      "react-select": "^4.2.1",
      "recharts": "^2.0.8",
      "@storybook/react": "^6.1.17"
    },
    "devDependencies": {
      "@babel/cli": "^7.12.13",
      "@babel/core": "^7.12.13",
      "@babel/plugin-proposal-class-properties": "^7.12.13",
      "@babel/plugin-transform-runtime": "^7.12.15",
      "@babel/preset-env": "^7.12.13",
      "@babel/preset-react": "^7.12.13",
      "@babel/runtime": "^7.12.13",
      "@storybook/addon-actions": "^6.1.17",
      "@storybook/addon-docs": "^6.1.17",
      "@storybook/addon-knobs": "^6.1.17",
      "@storybook/addon-links": "^6.1.17",
      "@storybook/addon-viewport": "^6.1.17",
      "@storybook/addons": "^6.1.17",
      "@storybook/react": "^6.1.17",
      "@svgr/webpack": "^5.5.0",
      "babel-loader": "^8.2.2",
      "babel-plugin-styled-components": "^1.12.0",
      "babel-plugin-transform-react-remove-prop-types": "^0.4.24",
      "clean-webpack-plugin": "^3.0.0",
      "core-js": "3",
      "cross-env": "^7.0.3",
      "html-webpack-plugin": "^5.0.0",
      "prop-types": "^15.7.2",
      "react": "^17.0.1",
      "react-dom": "^17.0.1",
      "styled-components": "^5.2.1",
      "styled-system": "^5.1.5",
      "terser-webpack-plugin": "^5.1.1",
      "url-loader": "^4.1.1",
      "webpack": "^5.20.2",
      "webpack-assets-manifest": "^5.0.1",
      "webpack-bundle-analyzer": "^4.4.0",
      "webpack-cli": "^4.5.0",
      "webpack-dev-server": "^3.11.2"
    },
    "peerDependencies": {
      "@prifina/faker": "latest",
      "@prifina/hooks": "latest",
      "react": "^17.0.1",
      "styled-components": "^5.2.1",
      "styled-system": "^5.1.5"
    }
  }

yarn manifest: 
  No manifest

Lockfile: 
  No lockfile
